<?xml version="1.0" encoding="UTF-8"?>
<!-- Generated by org.testng.reporters.JUnitReportReporter -->
<testsuite skipped="0" hostname="MKNB705" name="com.test.project.tests.DeleteEmail_GET_Test" tests="1" failures="0" timestamp="19 Mar 2018 02:23:11 GMT" time="0.143" errors="0">
  <testcase name="deleteEmail" time="0.143" classname="com.test.project.tests.DeleteEmail_GET_Test"/>
</testsuite> <!-- com.test.project.tests.DeleteEmail_GET_Test -->
