<?xml version="1.0" encoding="UTF-8"?>
<!-- Generated by org.testng.reporters.JUnitReportReporter -->
<testsuite skipped="0" hostname="MKNB705" name="com.test.project.tests.POSTTest2" tests="1" failures="0" timestamp="18 Mar 2018 21:55:21 GMT" time="3.775" errors="0">
  <testcase name="getEmail" time="3.775" classname="com.test.project.tests.POSTTest2"/>
</testsuite> <!-- com.test.project.tests.POSTTest2 -->
